#
# There is insufficient memory for the Java Runtime Environment to continue.
# Native memory allocation (mmap) failed to map 266338304 bytes for G1 virtual space
# Possible reasons:
#   The system is out of physical RAM or swap space
#   The process is running with CompressedOops enabled, and the Java Heap may be blocking the growth of the native heap
# Possible solutions:
#   Reduce memory load on the system
#   Increase physical memory or swap space
#   Check if swap backing store is full
#   Decrease Java heap size (-Xmx/-Xms)
#   Decrease number of Java threads
#   Decrease Java thread stack sizes (-Xss)
#   Set larger code cache with -XX:ReservedCodeCacheSize=
#   JVM is running with Zero Based Compressed Oops mode in which the Java heap is
#     placed in the first 32GB address space. The Java Heap base address is the
#     maximum limit for the native heap growth. Please use -XX:HeapBaseMinAddress
#     to set the Java Heap base and to place the Java Heap above 32GB virtual address.
# This output file may be truncated or incomplete.
#
#  Out of Memory Error (os_windows.cpp:3548), pid=5868, tid=21376
#
# JRE version:  (17.0.5+8) (build )
# Java VM: OpenJDK 64-Bit Server VM (17.0.5+8, mixed mode, emulated-client, sharing, tiered, compressed oops, compressed class ptrs, g1 gc, windows-amd64)
# No core dump will be written. Minidumps are not enabled by default on client versions of Windows
#

---------------  S U M M A R Y ------------

Command Line: -Dcom.sun.management.jmxremote -Dcom.sun.management.jmxremote.port=57746 -Dcom.sun.management.jmxremote.authenticate=false -Dcom.sun.management.jmxremote.ssl=false -Djava.rmi.server.hostname=localhost -Dspring.jmx.enabled=true -Dmanagement.endpoints.jmx.exposure.include=* -Dspring.application.admin.enabled=true -XX:TieredStopAtLevel=1 -Dspring.boot.project.name=doit -Dfile.encoding=UTF-8 -XX:+ShowCodeDetailsInExceptionMessages doit.DoitApplication --spring.output.ansi.enabled=always

Host: Intel(R) Core(TM) i7-10700 CPU @ 2.90GHz, 16 cores, 15G,  Windows 11 , 64 bit Build 22621 (10.0.22621.1194)
Time: Mon Feb 27 21:55:12 2023  Windows 11 , 64 bit Build 22621 (10.0.22621.1194) elapsed time: 0.010204 seconds (0d 0h 0m 0s)

---------------  T H R E A D  ---------------

Current thread (0x000001902a83ebb0):  JavaThread "Unknown thread" [_thread_in_vm, id=21376, stack(0x0000002743600000,0x0000002743700000)]

Stack: [0x0000002743600000,0x0000002743700000]
Native frames: (J=compiled Java code, j=interpreted, Vv=VM code, C=native code)
V  [jvm.dll+0x676b3a]
V  [jvm.dll+0x831444]
V  [jvm.dll+0x832bee]
V  [jvm.dll+0x833253]
V  [jvm.dll+0x244ce5]
V  [jvm.dll+0x673a49]
V  [jvm.dll+0x66811a]
V  [jvm.dll+0x303ceb]
V  [jvm.dll+0x30b1e6]
V  [jvm.dll+0x35adbe]
V  [jvm.dll+0x35afef]
V  [jvm.dll+0x2dab88]
V  [jvm.dll+0x2dbaf4]
V  [jvm.dll+0x803121]
V  [jvm.dll+0x368bb1]
V  [jvm.dll+0x7e265c]
V  [jvm.dll+0x3eb17f]
V  [jvm.dll+0x3eccc1]
C  [jli.dll+0x5267]
C  [ucrtbase.dll+0x29363]
C  [KERNEL32.DLL+0x126bd]
C  [ntdll.dll+0x5dfb8]


---------------  P R O C E S S  ---------------

Threads class SMR info:
_java_thread_list=0x00007ff8ec572f18, length=0, elements={
}

Java Threads: ( => current thread )

Other Threads:
  0x000001902a8adef0 GCTaskThread "GC Thread#0" [stack: 0x0000002743700000,0x0000002743800000] [id=15508]
  0x000001902a8bf2c0 ConcurrentGCThread "G1 Main Marker" [stack: 0x0000002743800000,0x0000002743900000] [id=4432]
  0x000001902a8bfbd0 ConcurrentGCThread "G1 Conc#0" [stack: 0x0000002743900000,0x0000002743a00000] [id=18192]

[error occurred during error reporting (printing all threads), id 0xc0000005, EXCEPTION_ACCESS_VIOLATION (0xc0000005) at pc=0x00007ff8ebd4b617]

VM state: not at safepoint (not fully initialized)

VM Mutex/Monitor currently owned by a thread:  ([mutex/lock_event])
[0x000001902a839f60] Heap_lock - owner thread: 0x000001902a83ebb0

Heap address: 0x0000000703600000, size: 4042 MB, Compressed Oops mode: Zero based, Oop shift amount: 3

CDS archive(s) mapped at: [0x0000000000000000-0x0000000000000000-0x0000000000000000), size 0, SharedBaseAddress: 0x0000000800000000, ArchiveRelocationMode: 0.
Narrow klass base: 0x0000000000000000, Narrow klass shift: 0, Narrow klass range: 0x0

GC Precious Log:
<Empty>

Heap:
 garbage-first heap   total 0K, used 0K [0x0000000703600000, 0x0000000800000000)
  region size 2048K, 0 young (0K), 0 survivors (0K)

[error occurred during error reporting (printing heap information), id 0xc0000005, EXCEPTION_ACCESS_VIOLATION (0xc0000005) at pc=0x00007ff8ec12fcb9]

GC Heap History (0 events):
No events

Dll operation events (1 events):
Event: 0.007 Loaded shared library C:\java\eclipse\plugins\org.eclipse.justj.openjdk.hotspot.jre.full.win32.x86_64_17.0.5.v20221102-0933\jre\bin\java.dll

Deoptimization events (0 events):
No events

Classes unloaded (0 events):
No events

Classes redefined (0 events):
No events

Internal exceptions (0 events):
No events

VM Operations (0 events):
No events

Events (0 events):
No events


Dynamic libraries:
0x00007ff60d640000 - 0x00007ff60d64e000 	C:\java\eclipse\plugins\org.eclipse.justj.openjdk.hotspot.jre.full.win32.x86_64_17.0.5.v20221102-0933\jre\bin\javaw.exe
0x00007ff9513f0000 - 0x00007ff951604000 	C:\WINDOWS\SYSTEM32\ntdll.dll
0x00007ff9501c0000 - 0x00007ff950283000 	C:\WINDOWS\System32\KERNEL32.DLL
0x00007ff94e830000 - 0x00007ff94ebcc000 	C:\WINDOWS\System32\KERNELBASE.dll
0x00007ff94f0e0000 - 0x00007ff94f1f1000 	C:\WINDOWS\System32\ucrtbase.dll
0x00007ff92e280000 - 0x00007ff92e299000 	C:\java\eclipse\plugins\org.eclipse.justj.openjdk.hotspot.jre.full.win32.x86_64_17.0.5.v20221102-0933\jre\bin\VCRUNTIME140.dll
0x00007ff93fa20000 - 0x00007ff93fa37000 	C:\java\eclipse\plugins\org.eclipse.justj.openjdk.hotspot.jre.full.win32.x86_64_17.0.5.v20221102-0933\jre\bin\jli.dll
0x00007ff94f200000 - 0x00007ff94f3ad000 	C:\WINDOWS\System32\USER32.dll
0x00007ff94f0b0000 - 0x00007ff94f0d6000 	C:\WINDOWS\System32\win32u.dll
0x00007ff935bb0000 - 0x00007ff935e3e000 	C:\WINDOWS\WinSxS\amd64_microsoft.windows.common-controls_6595b64144ccf1df_6.0.22621.608_none_a9444ca7c10bb01d\COMCTL32.dll
0x00007ff950b10000 - 0x00007ff950b39000 	C:\WINDOWS\System32\GDI32.dll
0x00007ff94fa50000 - 0x00007ff94faf7000 	C:\WINDOWS\System32\msvcrt.dll
0x00007ff94ece0000 - 0x00007ff94edf2000 	C:\WINDOWS\System32\gdi32full.dll
0x00007ff94ec40000 - 0x00007ff94ecda000 	C:\WINDOWS\System32\msvcp_win.dll
0x00007ff9504b0000 - 0x00007ff9504e2000 	C:\WINDOWS\System32\IMM32.DLL
0x00007ff93da30000 - 0x00007ff93da3c000 	C:\java\eclipse\plugins\org.eclipse.justj.openjdk.hotspot.jre.full.win32.x86_64_17.0.5.v20221102-0933\jre\bin\vcruntime140_1.dll
0x00007ff8e9220000 - 0x00007ff8e92b1000 	C:\java\eclipse\plugins\org.eclipse.justj.openjdk.hotspot.jre.full.win32.x86_64_17.0.5.v20221102-0933\jre\bin\msvcp140.dll
0x00007ff8eba60000 - 0x00007ff8ec6a4000 	C:\java\eclipse\plugins\org.eclipse.justj.openjdk.hotspot.jre.full.win32.x86_64_17.0.5.v20221102-0933\jre\bin\server\jvm.dll
0x00007ff94f7e0000 - 0x00007ff94f88e000 	C:\WINDOWS\System32\ADVAPI32.dll
0x00007ff94f610000 - 0x00007ff94f6b4000 	C:\WINDOWS\System32\sechost.dll
0x00007ff94f3c0000 - 0x00007ff94f4d5000 	C:\WINDOWS\System32\RPCRT4.dll
0x00007ff937b90000 - 0x00007ff937bc4000 	C:\WINDOWS\SYSTEM32\WINMM.dll
0x00007ff947a60000 - 0x00007ff947a6a000 	C:\WINDOWS\SYSTEM32\VERSION.dll
0x00007ff92e0a0000 - 0x00007ff92e0a9000 	C:\WINDOWS\SYSTEM32\WSOCK32.dll
0x00007ff94f750000 - 0x00007ff94f7c1000 	C:\WINDOWS\System32\WS2_32.dll
0x00007ff94d880000 - 0x00007ff94d898000 	C:\WINDOWS\SYSTEM32\kernel.appcore.dll
0x00007ff949ff0000 - 0x00007ff949ffa000 	C:\java\eclipse\plugins\org.eclipse.justj.openjdk.hotspot.jre.full.win32.x86_64_17.0.5.v20221102-0933\jre\bin\jimage.dll
0x00007ff92bed0000 - 0x00007ff92c0fe000 	C:\WINDOWS\SYSTEM32\DBGHELP.DLL
0x00007ff94fd10000 - 0x00007ff95009a000 	C:\WINDOWS\System32\combase.dll
0x00007ff94f910000 - 0x00007ff94f9e7000 	C:\WINDOWS\System32\OLEAUT32.dll
0x00007ff92bda0000 - 0x00007ff92bdd2000 	C:\WINDOWS\SYSTEM32\dbgcore.DLL
0x00007ff94ee00000 - 0x00007ff94ee7b000 	C:\WINDOWS\System32\bcryptPrimitives.dll
0x00007ff93f9f0000 - 0x00007ff93fa15000 	C:\java\eclipse\plugins\org.eclipse.justj.openjdk.hotspot.jre.full.win32.x86_64_17.0.5.v20221102-0933\jre\bin\java.dll

dbghelp: loaded successfully - version: 4.0.5 - missing functions: none
symbol engine: initialized successfully - sym options: 0x614 - pdb path: .;C:\java\eclipse\plugins\org.eclipse.justj.openjdk.hotspot.jre.full.win32.x86_64_17.0.5.v20221102-0933\jre\bin;C:\WINDOWS\SYSTEM32;C:\WINDOWS\WinSxS\amd64_microsoft.windows.common-controls_6595b64144ccf1df_6.0.22621.608_none_a9444ca7c10bb01d;C:\java\eclipse\plugins\org.eclipse.justj.openjdk.hotspot.jre.full.win32.x86_64_17.0.5.v20221102-0933\jre\bin\server

VM Arguments:
jvm_args: -Dcom.sun.management.jmxremote -Dcom.sun.management.jmxremote.port=57746 -Dcom.sun.management.jmxremote.authenticate=false -Dcom.sun.management.jmxremote.ssl=false -Djava.rmi.server.hostname=localhost -Dspring.jmx.enabled=true -Dmanagement.endpoints.jmx.exposure.include=* -Dspring.application.admin.enabled=true -XX:TieredStopAtLevel=1 -Dspring.boot.project.name=doit -Dfile.encoding=UTF-8 -XX:+ShowCodeDetailsInExceptionMessages 
java_command: doit.DoitApplication --spring.output.ansi.enabled=always
java_class_path (initial): C:\java\eclipse-workspace\doit\bin\main;C:\Users\hi\.gradle\caches\modules-2\files-2.1\org.springframework.boot\spring-boot-configuration-processor\2.7.8-SNAPSHOT\6c4885d7c95a3b058a46dae9cf546e6a97c30ed\spring-boot-configuration-processor-2.7.8-SNAPSHOT.jar;C:\Users\hi\.gradle\caches\modules-2\files-2.1\org.projectlombok\lombok\1.18.24\13a394eed5c4f9efb2a6d956e2086f1d81e857d9\lombok-1.18.24.jar;C:\Users\hi\.gradle\caches\modules-2\files-2.1\org.springframework.boot\spring-boot-starter-data-jpa\2.7.8-SNAPSHOT\3c7d1fbda25799da014081637f2935b94f7e6ed6\spring-boot-starter-data-jpa-2.7.8-SNAPSHOT.jar;C:\Users\hi\.gradle\caches\modules-2\files-2.1\org.springframework.boot\spring-boot-starter-thymeleaf\2.7.8-SNAPSHOT\22e223dd802a25c6155132c24d6eecc3e82adf3b\spring-boot-starter-thymeleaf-2.7.8-SNAPSHOT.jar;C:\Users\hi\.gradle\caches\modules-2\files-2.1\org.springframework.boot\spring-boot-starter-web\2.7.8-SNAPSHOT\4a737eb41a7b13091c1b4dd0363aba198eeb7a15\spring-boot-starter-web-2.7.8-SNAPSHOT.jar;C:\Users\hi\.gradle\caches\modules-2\files-2.1\org.mybatis.spring.boot\mybatis-spring-boot-starter\2.3.0\f4d9f73a2fb0adc56664c6febd66f98433fca7f5\mybatis-spring-boot-starter-2.3.0.jar;C:\Users\hi\.gradle\caches\modules-2\files-2.1\org.bgee.log4jdbc-log4j2\log4jdbc-log4j2-jdbc4.1\1.16\ce7cd831b2e3e5d428e659a6fdae0fb6b89f3cc7\log4jdbc-log4j2-jdbc4.1-1.16.jar;C:\Users\hi\.gradle\caches\modules-2\files-2.1\org.springframework.boot\spring-boot-starter-security\2.7.8-SNAPSHOT\4e803a8b5f71e57958c4cdd9afee5b95191ddfdd\spring-boot-starter-security-2.7.8-SNAPSHOT.jar;C:\Users\hi\.gradle\caches\modules-2\files-2.1\io.jsonwebtoken\jjwt-api\0.11.5\f742940045619d06383e7df37b21ac422b476cf1\jjwt-api-0.11.5.jar;C:\Users\hi\.gradle\caches\modules-2\files-2.1\org.springframework.boot\spring-boot-starter-aop\2.7.8-SNAPSHOT\d806a7de3d3b55e7efce8fa2e443218698fb28a\spring-boot-starter-aop-2.7.8-SNAPSHOT.jar;C:\Users\hi\.gradle\caches\modules-2\files-2.1\org.springframework.b
Launcher Type: SUN_STANDARD

[Global flags]
     intx CICompilerCount                          = 12                                        {product} {ergonomic}
     uint ConcGCThreads                            = 3                                         {product} {ergonomic}
     uint G1ConcRefinementThreads                  = 13                                        {product} {ergonomic}
   size_t G1HeapRegionSize                         = 2097152                                   {product} {ergonomic}
    uintx GCDrainStackTargetSize                   = 64                                        {product} {ergonomic}
   size_t InitialHeapSize                          = 266338304                                 {product} {ergonomic}
     bool ManagementServer                         = true                                      {product} {command line}
   size_t MarkStackSize                            = 4194304                                   {product} {ergonomic}
   size_t MaxHeapSize                              = 4238344192                                {product} {ergonomic}
   size_t MinHeapDeltaBytes                        = 2097152                                   {product} {ergonomic}
   size_t MinHeapSize                              = 8388608                                   {product} {ergonomic}
    uintx NonProfiledCodeHeapSize                  = 0                                      {pd product} {ergonomic}
     bool ProfileInterpreter                       = false                                  {pd product} {command line}
    uintx ProfiledCodeHeapSize                     = 0                                      {pd product} {ergonomic}
     bool ShowCodeDetailsInExceptionMessages       = true                                   {manageable} {command line}
   size_t SoftMaxHeapSize                          = 4238344192                             {manageable} {ergonomic}
     intx TieredStopAtLevel                        = 1                                         {product} {command line}
     bool UseCompressedClassPointers               = true                           {product lp64_product} {ergonomic}
     bool UseCompressedOops                        = true                           {product lp64_product} {ergonomic}
     bool UseG1GC                                  = true                                      {product} {ergonomic}
     bool UseLargePagesIndividualAllocation        = false                                  {pd product} {ergonomic}

Logging:
Log output configuration:
 #0: stdout all=warning uptime,level,tags
 #1: stderr all=off uptime,level,tags

Environment Variables:
PATH=C:/java/eclipse//plugins/org.eclipse.justj.openjdk.hotspot.jre.full.win32.x86_64_17.0.5.v20221102-0933/jre/bin/server;C:/java/eclipse//plugins/org.eclipse.justj.openjdk.hotspot.jre.full.win32.x86_64_17.0.5.v20221102-0933/jre/bin;C:\Program Files\Common Files\Oracle\Java\javapath;C:\WINDOWS\system32;C:\WINDOWS;C:\WINDOWS\System32\Wbem;C:\WINDOWS\System32\WindowsPowerShell\v1.0\;C:\WINDOWS\System32\OpenSSH\;C:\Program Files\Git\cmd;C:\Program Files\nodejs\;C:\Users\hi\AppData\Local\Microsoft\WindowsApps;;C:\Users\hi\AppData\Local\Programs\Microsoft VS Code\bin;C:\Users\hi\AppData\Roaming\npm;C:\java\eclipse;
USERNAME=hi
OS=Windows_NT
PROCESSOR_IDENTIFIER=Intel64 Family 6 Model 165 Stepping 5, GenuineIntel
TMP=C:\Users\hi\AppData\Local\Temp
TEMP=C:\Users\hi\AppData\Local\Temp



---------------  S Y S T E M  ---------------

OS:
 Windows 11 , 64 bit Build 22621 (10.0.22621.1194)
OS uptime: 10 days 9:10 hours

CPU: total 16 (initial active 16) (8 cores per cpu, 2 threads per core) family 6 model 165 stepping 5 microcode 0xec, cx8, cmov, fxsr, ht, mmx, 3dnowpref, sse, sse2, sse3, ssse3, sse4.1, sse4.2, popcnt, lzcnt, tsc, tscinvbit, avx, avx2, aes, erms, clmul, bmi1, bmi2, adx, fma, vzeroupper, clflush, clflushopt

Memory: 4k page, system-wide physical 16165M (3353M free)
TotalPageFile size 44687M (AvailPageFile size 70M)
current process WorkingSet (physical memory assigned to process): 11M, peak: 11M
current process commit charge ("private bytes"): 65M, peak: 319M

vm_info: OpenJDK 64-Bit Server VM (17.0.5+8) for windows-amd64 JRE (17.0.5+8), built on Oct 19 2022 04:48:13 by "temurin" with MS VC++ 16.7 (VS2019)

END.
